Flutter crash report.
Please report a bug at https://github.com/flutter/flutter/issues.

## command

flutter run

## exception

RPCError: _flutter.listViews: (-32000) Service connection disposed

```
#0      VmService._call (package:vm_service/src/vm_service.dart:1774:7)
#1      VmService.callServiceExtension (package:vm_service/src/vm_service.dart:1726:14)
#2      VmService.callMethod (package:vm_service/src/vm_service.dart:1717:12)
#3      FlutterVmService.callMethodWrapper (package:flutter_tools/src/vmservice.dart:501:28)
#4      FlutterVmService.getFlutterViews (package:flutter_tools/src/vmservice.dart:913:51)
#5      HotRunner.attach (package:flutter_tools/src/run_hot.dart:304:63)
<asynchronous suspension>
#6      RunCommand.runCommand (package:flutter_tools/src/commands/run.dart:867:27)
<asynchronous suspension>
#7      FlutterCommand.run.<anonymous closure> (package:flutter_tools/src/runner/flutter_command.dart:1408:27)
<asynchronous suspension>
#8      AppContext.run.<anonymous closure> (package:flutter_tools/src/base/context.dart:153:19)
<asynchronous suspension>
#9      CommandRunner.runCommand (package:args/command_runner.dart:212:13)
<asynchronous suspension>
#10     FlutterCommandRunner.runCommand.<anonymous closure> (package:flutter_tools/src/runner/flutter_command_runner.dart:420:9)
<asynchronous suspension>
#11     AppContext.run.<anonymous closure> (package:flutter_tools/src/base/context.dart:153:19)
<asynchronous suspension>
#12     FlutterCommandRunner.runCommand (package:flutter_tools/src/runner/flutter_command_runner.dart:364:5)
<asynchronous suspension>
#13     run.<anonymous closure>.<anonymous closure> (package:flutter_tools/runner.dart:130:9)
<asynchronous suspension>
#14     AppContext.run.<anonymous closure> (package:flutter_tools/src/base/context.dart:153:19)
<asynchronous suspension>
#15     main (package:flutter_tools/executable.dart:93:3)
<asynchronous suspension>
```

## flutter doctor

```
[32m[✓][39m Flutter (Channel stable, 3.24.0, on Microsoft Windows [Version
    10.0.26200.8246], locale ru-BY)
    [32m•[39m Flutter version 3.24.0 on channel stable at C:\flutter
    [32m•[39m Upstream repository https://github.com/flutter/flutter.git
    [32m•[39m Framework revision 80c2e84975 (1 year, 9 months ago), 2024-07-30 23:06:49
      +0700
    [32m•[39m Engine revision b8800d88be
    [32m•[39m Dart version 3.5.0
    [32m•[39m DevTools version 2.37.2

[32m[✓][39m Windows Version (Installed version of Windows is version 10 or higher)

[32m[✓][39m Android toolchain - develop for Android devices (Android SDK version 36.1.0)
    [32m•[39m Android SDK at E:\Users\AppData\Local\Android\sdk
    [32m•[39m Platform android-Baklava-ext19, build-tools 36.1.0
    [32m•[39m ANDROID_HOME = E:\Users\AppData\Local\Android\sdk
    [32m•[39m Java binary at: C:\Program Files\Zulu\zulu-17\bin\java
    [32m•[39m Java version OpenJDK Runtime Environment Zulu17.62+17-CA (build
      17.0.17+10-LTS)
    [32m•[39m All Android licenses accepted.

[32m[✓][39m Chrome - develop for the web
    [32m•[39m Chrome at C:\Program Files\Google\Chrome\Application\chrome.exe

[32m[✓][39m Visual Studio - develop Windows apps (Visual Studio Community 2022 17.14.19)
    [32m•[39m Visual Studio at E:\Program Files\Microsoft Visual Studio\2022\Community
    [32m•[39m Visual Studio Community 2022 version 17.14.36623.8
    [32m•[39m Windows 10 SDK version 10.0.26100.0

[32m[✓][39m Android Studio (version 2025.2.1)
    [32m•[39m Android Studio at E:\Program Files\Android\Android Studio
    [32m•[39m Flutter plugin can be installed from:
      🔨 https://plugins.jetbrains.com/plugin/9212-flutter
    [32m•[39m Dart plugin can be installed from:
      🔨 https://plugins.jetbrains.com/plugin/6351-dart
    [32m•[39m Java version OpenJDK Runtime Environment (build 21.0.8+-14196175-b1038.72)

[32m[✓][39m IntelliJ IDEA Community Edition (version 2025.2)
    [32m•[39m IntelliJ at E:\Program Files\JetBrains\IntelliJ IDEA Community Edition
      2025.2.4
    [32m•[39m Flutter plugin can be installed from:
      🔨 https://plugins.jetbrains.com/plugin/9212-flutter
    [32m•[39m Dart plugin can be installed from:
      🔨 https://plugins.jetbrains.com/plugin/6351-dart

[32m[✓][39m VS Code (version 1.107.1)
    [32m•[39m VS Code at C:\Users\Intel\AppData\Local\Programs\Microsoft VS Code
    [32m•[39m Flutter extension can be installed from:
      🔨 https://marketplace.visualstudio.com/items?itemName=Dart-Code.flutter

[32m[✓][39m Connected device (4 available)
    [32m•[39m sdk gphone64 x86 64 (mobile) • emulator-5554 • android-x64    • Android 16
      (API 36) (emulator)
    [32m•[39m Windows (desktop)            • windows       • windows-x64    • Microsoft
      Windows [Version 10.0.26200.8246]
    [32m•[39m Chrome (web)                 • chrome        • web-javascript • Google
      Chrome 147.0.7727.56
    [32m•[39m Edge (web)                   • edge          • web-javascript • Microsoft
      Edge 147.0.3912.60

[32m[✓][39m Network resources
    [32m•[39m All expected network resources are available.

[32m•[39m No issues found!
```
